<?xml version="1.0" encoding="UTF-8"?>
<!-- Generated by org.testng.reporters.JUnitReportReporter -->
<testsuite hostname="THAOTRUONG-MAR" name="selenium.facebooklogin" tests="3" failures="0" timestamp="15 Aug 2019 01:21:56 GMT" time="0.063" errors="0">
  <testcase name="TC_02_ValidatePageTitle" time="0.006" classname="selenium.facebooklogin"/>
  <testcase name="TC_03_LoginFormDisplayed" time="0.046" classname="selenium.facebooklogin"/>
  <testcase name="TC_01_ValidateCurrentUrl" time="0.011" classname="selenium.facebooklogin"/>
</testsuite> <!-- selenium.facebooklogin -->
