<?xml version="1.0" encoding="UTF-8"?>
<!-- Generated by org.testng.reporters.JUnitReportReporter -->
<testsuite hostname="THAOTRUONG-MAR" name="selenium.facebooklogin" tests="3" failures="0" timestamp="18 Aug 2019 04:00:18 GMT" time="0.068" errors="0">
  <testcase name="TC_02_ValidatePageTitle" time="0.006" classname="selenium.facebooklogin"/>
  <testcase name="TC_03_LoginFormDisplayed" time="0.045" classname="selenium.facebooklogin"/>
  <testcase name="TC_01_ValidateCurrentUrl" time="0.017" classname="selenium.facebooklogin"/>
</testsuite> <!-- selenium.facebooklogin -->
