<?xml version="1.0" encoding="UTF-8"?>
<!-- Generated by org.testng.reporters.JUnitReportReporter -->
<testsuite hostname="THAOTRUONG-MAR" name="selenium.Topic_01_CheckEnvironment" tests="3" failures="0" timestamp="15 Aug 2019 01:19:57 GMT" time="0.062" errors="0">
  <testcase name="TC_02_ValidatePageTitle" time="0.006" classname="selenium.Topic_01_CheckEnvironment"/>
  <testcase name="TC_03_LoginFormDisplayed" time="0.042" classname="selenium.Topic_01_CheckEnvironment"/>
  <testcase name="TC_01_ValidateCurrentUrl" time="0.014" classname="selenium.Topic_01_CheckEnvironment"/>
</testsuite> <!-- selenium.Topic_01_CheckEnvironment -->
