<?xml version="1.0" encoding="UTF-8"?>
<!-- Generated by org.testng.reporters.JUnitReportReporter -->
<testsuite hostname="THAOTRUONG-MAR" name="HelloWorld.Topic_02_CheckEnviroment" tests="2" failures="0" timestamp="22 Aug 2019 06:47:47 GMT" time="0.930" errors="0">
  <testcase name="TC_02_Check_Homepage_Title" time="0.010" classname="HelloWorld.Topic_02_CheckEnviroment"/>
  <testcase name="TC_01_Check_HomePage" time="0.920" classname="HelloWorld.Topic_02_CheckEnviroment"/>
</testsuite> <!-- HelloWorld.Topic_02_CheckEnviroment -->
